<?xml version="1.0" encoding="UTF-8"?>
<testsuite xmlns:xsi="http://www.w3.org/2001/XMLSchema-instance" xsi:noNamespaceSchemaLocation="https://maven.apache.org/surefire/maven-surefire-plugin/xsd/surefire-test-report-3.0.xsd" version="3.0" name="com.rapidphoto.features.upload_photo.CompleteUploadFlowIntegrationTest" time="2.902" tests="5" errors="0" skipped="0" failures="4">
  <properties>
[...]
</properties>
  <testcase name="testCompleteUploadFlow_MultiplePhotos_Success" classname="com.rapidphoto.features.upload_photo.CompleteUploadFlowIntegrationTest" time="0.127">
    <failure message="Status expected:&lt;200&gt; but was:&lt;400&gt;" type="java.lang.AssertionError"><![CDATA[java.lang.AssertionError: Status expected:<200> but was:<400>
	at org.springframework.test.util.AssertionErrors.fail(AssertionErrors.java:59)
	at org.springframework.test.util.AssertionErrors.assertEquals(AssertionErrors.java:122)
	at org.springframework.test.web.servlet.result.StatusResultMatchers.lambda$matcher$9(StatusResultMatchers.java:637)
	at org.springframework.test.web.servlet.MockMvc$1.andExpect(MockMvc.java:214)
	at com.rapidphoto.features.upload_photo.CompleteUploadFlowIntegrationTest.testCompleteUploadFlow_MultiplePhotos_Success(CompleteUploadFlowIntegrationTest.java:253)
	at java.base/java.lang.reflect.Method.invoke(Method.java:569)
	at java.base/java.util.ArrayList.forEach(ArrayList.java:1511)
	at java.base/java.util.ArrayList.forEach(ArrayList.java:1511)
]]></failure>
    <system-out><![CDATA[Standard Commons Logging discovery in action with spring-jcl: please remove commons-logging.jar from classpath in order to avoid potential conflicts
06:36:08.348 [main] INFO org.springframework.test.context.support.AnnotationConfigContextLoaderUtils -- Could not detect default configuration classes for test class [com.rapidphoto.features.upload_photo.CompleteUploadFlowIntegrationTest]: CompleteUploadFlowIntegrationTest does not declare any static, non-private, non-final, nested classes annotated with @Configuration.
06:36:08.407 [main] INFO org.springframework.boot.test.context.SpringBootTestContextBootstrapper -- Found @SpringBootConfiguration com.rapidphoto.RapidPhotoUploadApplication for test class com.rapidphoto.features.upload_photo.CompleteUploadFlowIntegrationTest

  .   ____          _            __ _ _
 /\\ / ___'_ __ _ _(_)_ __  __ _ \ \ \ \
( ( )\___ | '_ | '_| | '_ \/ _` | \ \ \ \
 \\/  ___)| |_)| | | | | || (_| |  ) ) ) )
  '  |____| .__|_| |_|_| |_\__, | / / / /
 =========|_|==============|___/=/_/_/_/
 :: Spring Boot ::                (v3.2.0)

2025-11-10T06:36:08.540-06:00  INFO 46878 --- [           main] .r.f.u.CompleteUploadFlowIntegrationTest : Starting CompleteUploadFlowIntegrationTest using Java 17.0.17 with PID 46878 (started by michaeltornaritis in /Users/michaeltornaritis/Desktop/WK4_RapidPhotoUpload/backend)
2025-11-10T06:36:08.541-06:00  INFO 46878 --- [           main] .r.f.u.CompleteUploadFlowIntegrationTest : The following 1 profile is active: "test"
2025-11-10T06:36:08.799-06:00  INFO 46878 --- [           main] .s.d.r.c.RepositoryConfigurationDelegate : Bootstrapping Spring Data JPA repositories in DEFAULT mode.
2025-11-10T06:36:08.828-06:00  INFO 46878 --- [           main] .s.d.r.c.RepositoryConfigurationDelegate : Finished Spring Data repository scanning in 26 ms. Found 4 JPA repository interfaces.
2025-11-10T06:36:09.487-06:00  INFO 46878 --- [           main] com.zaxxer.hikari.HikariDataSource       : HikariPool-1 - Starting...
2025-11-10T06:36:09.590-06:00  INFO 46878 --- [           main] com.zaxxer.hikari.pool.HikariPool        : HikariPool-1 - Added connection org.postgresql.jdbc.PgConnection@39514976
2025-11-10T06:36:09.591-06:00  INFO 46878 --- [           main] com.zaxxer.hikari.HikariDataSource       : HikariPool-1 - Start completed.
2025-11-10T06:36:09.606-06:00  INFO 46878 --- [           main] o.f.c.i.resource.ResourceNameValidator   : 1 SQL migrations were detected but not run because they did not follow the filename convention.
2025-11-10T06:36:09.606-06:00  INFO 46878 --- [           main] o.f.c.i.resource.ResourceNameValidator   : Set 'validateMigrationNaming' to true to fail fast and see a list of the invalid file names.
2025-11-10T06:36:09.609-06:00  INFO 46878 --- [           main] org.flywaydb.core.FlywayExecutor         : Database: jdbc:postgresql://localhost:5432/rapidphoto (PostgreSQL 17.4)
2025-11-10T06:36:09.615-06:00  WARN 46878 --- [           main] o.f.c.internal.database.base.Database    : Flyway upgrade recommended: PostgreSQL 17.4 is newer than this version of Flyway and support has not been tested. The latest supported version of PostgreSQL is 16.
2025-11-10T06:36:09.640-06:00  INFO 46878 --- [           main] o.f.core.internal.command.DbValidate     : Successfully validated 6 migrations (execution time 00:00.019s)
2025-11-10T06:36:09.665-06:00  INFO 46878 --- [           main] o.f.core.internal.command.DbMigrate      : Current version of schema "public": 6
2025-11-10T06:36:09.667-06:00  INFO 46878 --- [           main] o.f.core.internal.command.DbMigrate      : Schema "public" is up to date. No migration necessary.
2025-11-10T06:36:09.708-06:00  INFO 46878 --- [           main] o.hibernate.jpa.internal.util.LogHelper  : HHH000204: Processing PersistenceUnitInfo [name: default]
2025-11-10T06:36:09.734-06:00  INFO 46878 --- [           main] org.hibernate.Version                    : HHH000412: Hibernate ORM core version 6.3.1.Final
2025-11-10T06:36:09.749-06:00  INFO 46878 --- [           main] o.h.c.internal.RegionFactoryInitiator    : HHH000026: Second-level cache disabled
2025-11-10T06:36:09.800-06:00  INFO 46878 --- [           main] o.s.o.j.p.SpringPersistenceUnitInfo      : No LoadTimeWeaver setup: ignoring JPA class transformer
2025-11-10T06:36:10.143-06:00  INFO 46878 --- [           main] o.h.e.t.j.p.i.JtaPlatformInitiator       : HHH000489: No JTA platform available (set 'hibernate.transaction.jta.platform' to enable JTA platform integration)
2025-11-10T06:36:10.175-06:00  INFO 46878 --- [           main] j.LocalContainerEntityManagerFactoryBean : Initialized JPA EntityManagerFactory for persistence unit 'default'
2025-11-10T06:36:10.666-06:00  WARN 46878 --- [           main] JpaBaseConfiguration$JpaWebConfiguration : spring.jpa.open-in-view is enabled by default. Therefore, database queries may be performed during view rendering. Explicitly configure spring.jpa.open-in-view to disable this warning
2025-11-10T06:36:10.676-06:00  WARN 46878 --- [           main] .s.s.UserDetailsServiceAutoConfiguration : 

Using generated security password: 6cd741c9-f57b-4558-90d1-1ec3928ea732

This generated password is for development use only. Your security configuration must be updated before running your application in production.

2025-11-10T06:36:10.787-06:00  INFO 46878 --- [           main] o.s.s.web.DefaultSecurityFilterChain     : Will secure any request with [org.springframework.security.web.session.DisableEncodeUrlFilter@1548dc37, org.springframework.security.web.context.request.async.WebAsyncManagerIntegrationFilter@23317e8a, org.springframework.security.web.context.SecurityContextHolderFilter@7abc838a, org.springframework.security.web.header.HeaderWriterFilter@46875fae, org.springframework.web.filter.CorsFilter@520c235f, org.springframework.security.web.authentication.logout.LogoutFilter@2ab4c4e, org.springframework.security.web.savedrequest.RequestCacheAwareFilter@1a034bbc, org.springframework.security.web.servletapi.SecurityContextHolderAwareRequestFilter@5453b15d, org.springframework.security.web.authentication.AnonymousAuthenticationFilter@3426d8e2, org.springframework.security.web.session.SessionManagementFilter@7db53694, org.springframework.security.web.access.ExceptionTranslationFilter@54a98439, org.springframework.security.web.access.intercept.AuthorizationFilter@17f4276b]
2025-11-10T06:36:10.923-06:00  INFO 46878 --- [           main] o.s.b.t.m.w.SpringBootMockServletContext : Initializing Spring TestDispatcherServlet ''
2025-11-10T06:36:10.923-06:00  INFO 46878 --- [           main] o.s.t.web.servlet.TestDispatcherServlet  : Initializing Servlet ''
2025-11-10T06:36:10.923-06:00  INFO 46878 --- [           main] o.s.t.web.servlet.TestDispatcherServlet  : Completed initialization in 0 ms
2025-11-10T06:36:10.934-06:00  INFO 46878 --- [           main] .r.f.u.CompleteUploadFlowIntegrationTest : Started CompleteUploadFlowIntegrationTest in 2.48 seconds (process running for 2.85)
2025-11-10T06:36:11.020-06:00  WARN 46878 --- [           main] o.s.w.s.h.HandlerMappingIntrospector     : Cache miss for REQUEST dispatch to '/api/upload-jobs' (previous null). Performing CorsConfiguration lookup. This is logged once only at WARN level, and every time at TRACE.
2025-11-10T06:36:11.072-06:00  INFO 46878 --- [           main] c.r.f.u.UploadPhotoController            : Received upload job creation request for user: ba5ca2ec-cba0-4b81-9fa5-e6cc41d55b3c
2025-11-10T06:36:11.073-06:00  INFO 46878 --- [           main] c.r.f.u.CreateUploadJobHandler           : Creating upload job for user: ba5ca2ec-cba0-4b81-9fa5-e6cc41d55b3c
2025-11-10T06:36:11.082-06:00  INFO 46878 --- [           main] c.r.f.u.CreateUploadJobHandler           : Created upload job 81d4d51f-340a-45e2-ae99-92a1d07561c3 with 3 photos
2025-11-10T06:36:11.082-06:00  INFO 46878 --- [           main] c.r.f.u.UploadPhotoController            : Successfully created upload job: 81d4d51f-340a-45e2-ae99-92a1d07561c3 for user: ba5ca2ec-cba0-4b81-9fa5-e6cc41d55b3c
2025-11-10T06:36:11.104-06:00  INFO 46878 --- [           main] c.r.f.upload_photo.PhotoController       : Received photo completion notification for photo: 4747085b-5788-49a1-8c78-7a226718cc22
2025-11-10T06:36:11.105-06:00  INFO 46878 --- [           main] c.r.f.u.CompletePhotoUploadHandler       : Completing photo upload: 4747085b-5788-49a1-8c78-7a226718cc22
2025-11-10T06:36:11.105-06:00  WARN 46878 --- [           main] c.r.f.u.CompletePhotoUploadHandler       : Photo file does not exist in S3: 4747085b-5788-49a1-8c78-7a226718cc22 (s3Key: null)
2025-11-10T06:36:11.105-06:00  WARN 46878 --- [           main] c.r.f.upload_photo.PhotoController       : Photo completion failed: 4747085b-5788-49a1-8c78-7a226718cc22 - Photo file does not exist in S3: null

MockHttpServletRequest:
      HTTP Method = POST
      Request URI = /api/upload-jobs
       Parameters = {}
          Headers = [Content-Type:"application/json;charset=UTF-8", Content-Length:"266"]
             Body = {"userId":"ba5ca2ec-cba0-4b81-9fa5-e6cc41d55b3c","photos":[{"filename":"photo1.jpg","fileSize":1024,"contentType":"image/jpeg"},{"filename":"photo2.png","fileSize":2048,"contentType":"image/png"},{"filename":"photo3.jpg","fileSize":3072,"contentType":"image/jpeg"}]}
    Session Attrs = {}

Handler:
             Type = com.rapidphoto.features.upload_photo.UploadPhotoController
           Method = com.rapidphoto.features.upload_photo.UploadPhotoController#createUploadJob(CreateUploadJobRequest, BindingResult)

Async:
    Async started = false
     Async result = null

Resolved Exception:
             Type = null

ModelAndView:
        View name = null
             View = null
            Model = null

FlashMap:
       Attributes = null

MockHttpServletResponse:
           Status = 201
    Error message = null
          Headers = [Vary:"Origin", "Access-Control-Request-Method", "Access-Control-Request-Headers", Content-Type:"application/json", X-Content-Type-Options:"nosniff", X-XSS-Protection:"0", Cache-Control:"no-cache, no-store, max-age=0, must-revalidate", Pragma:"no-cache", Expires:"0", X-Frame-Options:"DENY"]
     Content type = application/json
             Body = {"jobId":"81d4d51f-340a-45e2-ae99-92a1d07561c3","userId":"ba5ca2ec-cba0-4b81-9fa5-e6cc41d55b3c","totalCount":3,"status":"IN_PROGRESS","photos":[{"photoId":"4747085b-5788-49a1-8c78-7a226718cc22","filename":"photo1.jpg","uploadUrl":null,"s3Key":null,"status":"UPLOADING"},{"photoId":"204b5364-84b4-4cc4-b538-c7e41aeb4359","filename":"photo2.png","uploadUrl":null,"s3Key":null,"status":"UPLOADING"},{"photoId":"6b297ac3-7d9c-4b83-b321-9742dff8dd91","filename":"photo3.jpg","uploadUrl":null,"s3Key":null,"status":"UPLOADING"}]}
    Forwarded URL = null
   Redirected URL = null
          Cookies = []

MockHttpServletRequest:
      HTTP Method = POST
      Request URI = /api/photos/4747085b-5788-49a1-8c78-7a226718cc22/complete
       Parameters = {}
          Headers = [Content-Type:"application/json;charset=UTF-8", Content-Length:"50"]
             Body = {"photoId":"4747085b-5788-49a1-8c78-7a226718cc22"}
    Session Attrs = {}

Handler:
             Type = com.rapidphoto.features.upload_photo.PhotoController
           Method = com.rapidphoto.features.upload_photo.PhotoController#completePhotoUpload(UUID, CompletePhotoUploadRequest)

Async:
    Async started = false
     Async result = null

Resolved Exception:
             Type = null

ModelAndView:
        View name = null
             View = null
            Model = null

FlashMap:
       Attributes = null

MockHttpServletResponse:
           Status = 400
    Error message = null
          Headers = [Vary:"Origin", "Access-Control-Request-Method", "Access-Control-Request-Headers", Content-Type:"application/json", X-Content-Type-Options:"nosniff", X-XSS-Protection:"0", Cache-Control:"no-cache, no-store, max-age=0, must-revalidate", Pragma:"no-cache", Expires:"0", X-Frame-Options:"DENY"]
     Content type = application/json
             Body = {"error":"Photo completion failed","message":"Photo file does not exist in S3: null"}
    Forwarded URL = null
   Redirected URL = null
          Cookies = []
]]></system-out>
  </testcase>
  <testcase name="testCompleteUploadFlow_PartialFailure" classname="com.rapidphoto.features.upload_photo.CompleteUploadFlowIntegrationTest" time="0.012">
    <failure message="Status expected:&lt;200&gt; but was:&lt;400&gt;" type="java.lang.AssertionError"><![CDATA[java.lang.AssertionError: Status expected:<200> but was:<400>
	at org.springframework.test.util.AssertionErrors.fail(AssertionErrors.java:59)
	at org.springframework.test.util.AssertionErrors.assertEquals(AssertionErrors.java:122)
	at org.springframework.test.web.servlet.result.StatusResultMatchers.lambda$matcher$9(StatusResultMatchers.java:637)
	at org.springframework.test.web.servlet.MockMvc$1.andExpect(MockMvc.java:214)
	at com.rapidphoto.features.upload_photo.CompleteUploadFlowIntegrationTest.testCompleteUploadFlow_PartialFailure(CompleteUploadFlowIntegrationTest.java:334)
	at java.base/java.lang.reflect.Method.invoke(Method.java:569)
	at java.base/java.util.ArrayList.forEach(ArrayList.java:1511)
	at java.base/java.util.ArrayList.forEach(ArrayList.java:1511)
]]></failure>
    <system-out><![CDATA[2025-11-10T06:36:11.120-06:00  INFO 46878 --- [           main] c.r.f.u.UploadPhotoController            : Received upload job creation request for user: 938f2c6e-d6f7-4121-9beb-327a1494fb60
2025-11-10T06:36:11.120-06:00  INFO 46878 --- [           main] c.r.f.u.CreateUploadJobHandler           : Creating upload job for user: 938f2c6e-d6f7-4121-9beb-327a1494fb60
2025-11-10T06:36:11.123-06:00  INFO 46878 --- [           main] c.r.f.u.CreateUploadJobHandler           : Created upload job d553303c-c3e3-4727-9c31-32846bb4ed12 with 3 photos
2025-11-10T06:36:11.123-06:00  INFO 46878 --- [           main] c.r.f.u.UploadPhotoController            : Successfully created upload job: d553303c-c3e3-4727-9c31-32846bb4ed12 for user: 938f2c6e-d6f7-4121-9beb-327a1494fb60
2025-11-10T06:36:11.124-06:00  INFO 46878 --- [           main] c.r.f.upload_photo.PhotoController       : Received photo completion notification for photo: fc8cfa3b-600a-469c-9753-8c2e81e0639e
2025-11-10T06:36:11.124-06:00  INFO 46878 --- [           main] c.r.f.u.CompletePhotoUploadHandler       : Completing photo upload: fc8cfa3b-600a-469c-9753-8c2e81e0639e
2025-11-10T06:36:11.125-06:00  WARN 46878 --- [           main] c.r.f.u.CompletePhotoUploadHandler       : Photo file does not exist in S3: fc8cfa3b-600a-469c-9753-8c2e81e0639e (s3Key: null)
2025-11-10T06:36:11.125-06:00  WARN 46878 --- [           main] c.r.f.upload_photo.PhotoController       : Photo completion failed: fc8cfa3b-600a-469c-9753-8c2e81e0639e - Photo file does not exist in S3: null

MockHttpServletRequest:
      HTTP Method = POST
      Request URI = /api/upload-jobs
       Parameters = {}
          Headers = [Content-Type:"application/json;charset=UTF-8", Content-Length:"272"]
             Body = {"userId":"938f2c6e-d6f7-4121-9beb-327a1494fb60","photos":[{"filename":"success1.jpg","fileSize":1024,"contentType":"image/jpeg"},{"filename":"failure.jpg","fileSize":2048,"contentType":"image/jpeg"},{"filename":"success2.jpg","fileSize":3072,"contentType":"image/jpeg"}]}
    Session Attrs = {}

Handler:
             Type = com.rapidphoto.features.upload_photo.UploadPhotoController
           Method = com.rapidphoto.features.upload_photo.UploadPhotoController#createUploadJob(CreateUploadJobRequest, BindingResult)

Async:
    Async started = false
     Async result = null

Resolved Exception:
             Type = null

ModelAndView:
        View name = null
             View = null
            Model = null

FlashMap:
       Attributes = null

MockHttpServletResponse:
           Status = 201
    Error message = null
          Headers = [Vary:"Origin", "Access-Control-Request-Method", "Access-Control-Request-Headers", Content-Type:"application/json", X-Content-Type-Options:"nosniff", X-XSS-Protection:"0", Cache-Control:"no-cache, no-store, max-age=0, must-revalidate", Pragma:"no-cache", Expires:"0", X-Frame-Options:"DENY"]
     Content type = application/json
             Body = {"jobId":"d553303c-c3e3-4727-9c31-32846bb4ed12","userId":"938f2c6e-d6f7-4121-9beb-327a1494fb60","totalCount":3,"status":"IN_PROGRESS","photos":[{"photoId":"fc8cfa3b-600a-469c-9753-8c2e81e0639e","filename":"success1.jpg","uploadUrl":null,"s3Key":null,"status":"UPLOADING"},{"photoId":"82106658-c0e5-4076-9596-638c1ed83c58","filename":"failure.jpg","uploadUrl":null,"s3Key":null,"status":"UPLOADING"},{"photoId":"cd241476-a491-4b09-aa4c-9075301caa03","filename":"success2.jpg","uploadUrl":null,"s3Key":null,"status":"UPLOADING"}]}
    Forwarded URL = null
   Redirected URL = null
          Cookies = []

MockHttpServletRequest:
      HTTP Method = POST
      Request URI = /api/photos/fc8cfa3b-600a-469c-9753-8c2e81e0639e/complete
       Parameters = {}
          Headers = [Content-Type:"application/json;charset=UTF-8", Content-Length:"50"]
             Body = {"photoId":"fc8cfa3b-600a-469c-9753-8c2e81e0639e"}
    Session Attrs = {}

Handler:
             Type = com.rapidphoto.features.upload_photo.PhotoController
           Method = com.rapidphoto.features.upload_photo.PhotoController#completePhotoUpload(UUID, CompletePhotoUploadRequest)

Async:
    Async started = false
     Async result = null

Resolved Exception:
             Type = null

ModelAndView:
        View name = null
             View = null
            Model = null

FlashMap:
       Attributes = null

MockHttpServletResponse:
           Status = 400
    Error message = null
          Headers = [Vary:"Origin", "Access-Control-Request-Method", "Access-Control-Request-Headers", Content-Type:"application/json", X-Content-Type-Options:"nosniff", X-XSS-Protection:"0", Cache-Control:"no-cache, no-store, max-age=0, must-revalidate", Pragma:"no-cache", Expires:"0", X-Frame-Options:"DENY"]
     Content type = application/json
             Body = {"error":"Photo completion failed","message":"Photo file does not exist in S3: null"}
    Forwarded URL = null
   Redirected URL = null
          Cookies = []
]]></system-out>
  </testcase>
  <testcase name="testCompleteUploadFlow_S3VerificationFailure" classname="com.rapidphoto.features.upload_photo.CompleteUploadFlowIntegrationTest" time="0.031">
    <system-out><![CDATA[2025-11-10T06:36:11.132-06:00  INFO 46878 --- [           main] c.r.f.u.UploadPhotoController            : Received upload job creation request for user: bca14018-8ad1-4958-8177-6b199e1ec41d
2025-11-10T06:36:11.132-06:00  INFO 46878 --- [           main] c.r.f.u.CreateUploadJobHandler           : Creating upload job for user: bca14018-8ad1-4958-8177-6b199e1ec41d
2025-11-10T06:36:11.133-06:00  INFO 46878 --- [           main] c.r.f.u.CreateUploadJobHandler           : Created upload job 191dc609-2f7e-45ae-8385-44e4a5247bbf with 1 photos
2025-11-10T06:36:11.133-06:00  INFO 46878 --- [           main] c.r.f.u.UploadPhotoController            : Successfully created upload job: 191dc609-2f7e-45ae-8385-44e4a5247bbf for user: bca14018-8ad1-4958-8177-6b199e1ec41d
2025-11-10T06:36:11.135-06:00  INFO 46878 --- [           main] c.r.f.upload_photo.PhotoController       : Received photo completion notification for photo: fb633046-fb72-4a39-ba0f-a0c3f37c533d
2025-11-10T06:36:11.135-06:00  INFO 46878 --- [           main] c.r.f.u.CompletePhotoUploadHandler       : Completing photo upload: fb633046-fb72-4a39-ba0f-a0c3f37c533d
2025-11-10T06:36:11.135-06:00  WARN 46878 --- [           main] c.r.f.u.CompletePhotoUploadHandler       : Photo file does not exist in S3: fb633046-fb72-4a39-ba0f-a0c3f37c533d (s3Key: null)
2025-11-10T06:36:11.135-06:00  WARN 46878 --- [           main] c.r.f.upload_photo.PhotoController       : Photo completion failed: fb633046-fb72-4a39-ba0f-a0c3f37c533d - Photo file does not exist in S3: null
]]></system-out>
  </testcase>
  <testcase name="testCompleteUploadFlow_DataPersistenceVerification" classname="com.rapidphoto.features.upload_photo.CompleteUploadFlowIntegrationTest" time="0.01">
    <failure message="Status expected:&lt;200&gt; but was:&lt;400&gt;" type="java.lang.AssertionError"><![CDATA[java.lang.AssertionError: Status expected:<200> but was:<400>
	at org.springframework.test.util.AssertionErrors.fail(AssertionErrors.java:59)
	at org.springframework.test.util.AssertionErrors.assertEquals(AssertionErrors.java:122)
	at org.springframework.test.web.servlet.result.StatusResultMatchers.lambda$matcher$9(StatusResultMatchers.java:637)
	at org.springframework.test.web.servlet.MockMvc$1.andExpect(MockMvc.java:214)
	at com.rapidphoto.features.upload_photo.CompleteUploadFlowIntegrationTest.testCompleteUploadFlow_DataPersistenceVerification(CompleteUploadFlowIntegrationTest.java:464)
	at java.base/java.lang.reflect.Method.invoke(Method.java:569)
	at java.base/java.util.ArrayList.forEach(ArrayList.java:1511)
	at java.base/java.util.ArrayList.forEach(ArrayList.java:1511)
]]></failure>
    <system-out><![CDATA[2025-11-10T06:36:11.164-06:00  INFO 46878 --- [           main] c.r.f.u.UploadPhotoController            : Received upload job creation request for user: c19a7930-03e7-45d8-9c7e-d4095b17a8eb
2025-11-10T06:36:11.164-06:00  INFO 46878 --- [           main] c.r.f.u.CreateUploadJobHandler           : Creating upload job for user: c19a7930-03e7-45d8-9c7e-d4095b17a8eb
2025-11-10T06:36:11.165-06:00  INFO 46878 --- [           main] c.r.f.u.CreateUploadJobHandler           : Created upload job fbd80b69-2032-4bd8-b28e-6cbfa9b5591f with 1 photos
2025-11-10T06:36:11.165-06:00  INFO 46878 --- [           main] c.r.f.u.UploadPhotoController            : Successfully created upload job: fbd80b69-2032-4bd8-b28e-6cbfa9b5591f for user: c19a7930-03e7-45d8-9c7e-d4095b17a8eb
2025-11-10T06:36:11.166-06:00  INFO 46878 --- [           main] c.r.f.upload_photo.PhotoController       : Received photo completion notification for photo: 8db99cff-d397-4968-a1a0-edfe23cd58ef
2025-11-10T06:36:11.166-06:00  INFO 46878 --- [           main] c.r.f.u.CompletePhotoUploadHandler       : Completing photo upload: 8db99cff-d397-4968-a1a0-edfe23cd58ef
2025-11-10T06:36:11.166-06:00  WARN 46878 --- [           main] c.r.f.u.CompletePhotoUploadHandler       : Photo file does not exist in S3: 8db99cff-d397-4968-a1a0-edfe23cd58ef (s3Key: null)
2025-11-10T06:36:11.167-06:00  WARN 46878 --- [           main] c.r.f.upload_photo.PhotoController       : Photo completion failed: 8db99cff-d397-4968-a1a0-edfe23cd58ef - Photo file does not exist in S3: null

MockHttpServletRequest:
      HTTP Method = POST
      Request URI = /api/upload-jobs
       Parameters = {}
          Headers = [Content-Type:"application/json;charset=UTF-8", Content-Length:"139"]
             Body = {"userId":"c19a7930-03e7-45d8-9c7e-d4095b17a8eb","photos":[{"filename":"persistence-test.jpg","fileSize":5120,"contentType":"image/jpeg"}]}
    Session Attrs = {}

Handler:
             Type = com.rapidphoto.features.upload_photo.UploadPhotoController
           Method = com.rapidphoto.features.upload_photo.UploadPhotoController#createUploadJob(CreateUploadJobRequest, BindingResult)

Async:
    Async started = false
     Async result = null

Resolved Exception:
             Type = null

ModelAndView:
        View name = null
             View = null
            Model = null

FlashMap:
       Attributes = null

MockHttpServletResponse:
           Status = 201
    Error message = null
          Headers = [Vary:"Origin", "Access-Control-Request-Method", "Access-Control-Request-Headers", Content-Type:"application/json", X-Content-Type-Options:"nosniff", X-XSS-Protection:"0", Cache-Control:"no-cache, no-store, max-age=0, must-revalidate", Pragma:"no-cache", Expires:"0", X-Frame-Options:"DENY"]
     Content type = application/json
             Body = {"jobId":"fbd80b69-2032-4bd8-b28e-6cbfa9b5591f","userId":"c19a7930-03e7-45d8-9c7e-d4095b17a8eb","totalCount":1,"status":"IN_PROGRESS","photos":[{"photoId":"8db99cff-d397-4968-a1a0-edfe23cd58ef","filename":"persistence-test.jpg","uploadUrl":null,"s3Key":null,"status":"UPLOADING"}]}
    Forwarded URL = null
   Redirected URL = null
          Cookies = []

MockHttpServletRequest:
      HTTP Method = POST
      Request URI = /api/photos/8db99cff-d397-4968-a1a0-edfe23cd58ef/complete
       Parameters = {}
          Headers = [Content-Type:"application/json;charset=UTF-8", Content-Length:"50"]
             Body = {"photoId":"8db99cff-d397-4968-a1a0-edfe23cd58ef"}
    Session Attrs = {}

Handler:
             Type = com.rapidphoto.features.upload_photo.PhotoController
           Method = com.rapidphoto.features.upload_photo.PhotoController#completePhotoUpload(UUID, CompletePhotoUploadRequest)

Async:
    Async started = false
     Async result = null

Resolved Exception:
             Type = null

ModelAndView:
        View name = null
             View = null
            Model = null

FlashMap:
       Attributes = null

MockHttpServletResponse:
           Status = 400
    Error message = null
          Headers = [Vary:"Origin", "Access-Control-Request-Method", "Access-Control-Request-Headers", Content-Type:"application/json", X-Content-Type-Options:"nosniff", X-XSS-Protection:"0", Cache-Control:"no-cache, no-store, max-age=0, must-revalidate", Pragma:"no-cache", Expires:"0", X-Frame-Options:"DENY"]
     Content type = application/json
             Body = {"error":"Photo completion failed","message":"Photo file does not exist in S3: null"}
    Forwarded URL = null
   Redirected URL = null
          Cookies = []
]]></system-out>
  </testcase>
  <testcase name="testCompleteUploadFlow_SinglePhoto_Success" classname="com.rapidphoto.features.upload_photo.CompleteUploadFlowIntegrationTest" time="0.008">
    <failure message="No value at JSON path &quot;$.photos[0].uploadUrl&quot;" type="java.lang.AssertionError"><![CDATA[java.lang.AssertionError: No value at JSON path "$.photos[0].uploadUrl"
	at org.springframework.test.util.AssertionErrors.fail(AssertionErrors.java:37)
	at org.springframework.test.util.AssertionErrors.assertTrue(AssertionErrors.java:70)
	at org.springframework.test.util.JsonPathExpectationsHelper.assertExistsAndReturn(JsonPathExpectationsHelper.java:328)
	at org.springframework.test.util.JsonPathExpectationsHelper.exists(JsonPathExpectationsHelper.java:190)
	at org.springframework.test.web.servlet.result.JsonPathResultMatchers.lambda$exists$3(JsonPathResultMatchers.java:123)
	at org.springframework.test.web.servlet.MockMvc$1.andExpect(MockMvc.java:214)
	at com.rapidphoto.features.upload_photo.CompleteUploadFlowIntegrationTest.testCompleteUploadFlow_SinglePhoto_Success(CompleteUploadFlowIntegrationTest.java:114)
	at java.base/java.lang.reflect.Method.invoke(Method.java:569)
	at java.base/java.util.ArrayList.forEach(ArrayList.java:1511)
	at java.base/java.util.ArrayList.forEach(ArrayList.java:1511)
]]></failure>
    <system-out><![CDATA[2025-11-10T06:36:11.174-06:00  INFO 46878 --- [           main] c.r.f.u.UploadPhotoController            : Received upload job creation request for user: 60463b52-af7b-4858-bd68-ea7325dbbde8
2025-11-10T06:36:11.175-06:00  INFO 46878 --- [           main] c.r.f.u.CreateUploadJobHandler           : Creating upload job for user: 60463b52-af7b-4858-bd68-ea7325dbbde8
2025-11-10T06:36:11.176-06:00  INFO 46878 --- [           main] c.r.f.u.CreateUploadJobHandler           : Created upload job 14e84006-67f0-4dfb-b8a3-7a49e045d299 with 1 photos
2025-11-10T06:36:11.176-06:00  INFO 46878 --- [           main] c.r.f.u.UploadPhotoController            : Successfully created upload job: 14e84006-67f0-4dfb-b8a3-7a49e045d299 for user: 60463b52-af7b-4858-bd68-ea7325dbbde8

MockHttpServletRequest:
      HTTP Method = POST
      Request URI = /api/upload-jobs
       Parameters = {}
          Headers = [Content-Type:"application/json;charset=UTF-8", Content-Length:"133"]
             Body = {"userId":"60463b52-af7b-4858-bd68-ea7325dbbde8","photos":[{"filename":"test-photo.jpg","fileSize":1024,"contentType":"image/jpeg"}]}
    Session Attrs = {}

Handler:
             Type = com.rapidphoto.features.upload_photo.UploadPhotoController
           Method = com.rapidphoto.features.upload_photo.UploadPhotoController#createUploadJob(CreateUploadJobRequest, BindingResult)

Async:
    Async started = false
     Async result = null

Resolved Exception:
             Type = null

ModelAndView:
        View name = null
             View = null
            Model = null

FlashMap:
       Attributes = null

MockHttpServletResponse:
           Status = 201
    Error message = null
          Headers = [Vary:"Origin", "Access-Control-Request-Method", "Access-Control-Request-Headers", Content-Type:"application/json", X-Content-Type-Options:"nosniff", X-XSS-Protection:"0", Cache-Control:"no-cache, no-store, max-age=0, must-revalidate", Pragma:"no-cache", Expires:"0", X-Frame-Options:"DENY"]
     Content type = application/json
             Body = {"jobId":"14e84006-67f0-4dfb-b8a3-7a49e045d299","userId":"60463b52-af7b-4858-bd68-ea7325dbbde8","totalCount":1,"status":"IN_PROGRESS","photos":[{"photoId":"3921e763-8fe7-4ae1-a92a-02b6f68f5fff","filename":"test-photo.jpg","uploadUrl":null,"s3Key":null,"status":"UPLOADING"}]}
    Forwarded URL = null
   Redirected URL = null
          Cookies = []
]]></system-out>
  </testcase>
</testsuite>